// 同步 ID: 8577c7c1 @ Sat Jul  4 12:20:02 UTC 2026
// 重构日志: dc690bda
// 同步 ID: 9c53e4cb @ Fri Jul 10 11:46:36 UTC 2026
// 同步 ID: 1d7a6fcb @ Sat Jul 11 06:33:59 UTC 2026
// 同步 ID: 0df98c76 @ Sat Jul 11 17:30:14 UTC 2026
// 重构日志: c24a6185
// 同步 ID: b0f20579 @ Sun Jul 12 11:42:19 UTC 2026
// 同步 ID: 23204af2 @ Sun Jul 12 16:07:46 UTC 2026
// 同步 ID: 8be296c8 @ Mon Jul 13 05:09:11 UTC 2026
// 同步 ID: 3fade32e @ Mon Jul 13 08:47:10 UTC 2026
// 同步 ID: 48ae5c6b @ Mon Jul 13 12:51:12 UTC 2026
// 同步 ID: 89e48c10 @ Mon Jul 13 16:17:41 UTC 2026
// 重构日志: bee7c693
// 同步 ID: c36dc28e @ Tue Jul 14 09:48:10 UTC 2026
// 同步 ID: 5e452fc9 @ Tue Jul 14 11:53:24 UTC 2026
// 重构日志: fa409954
// 重构日志: a1889012
// 重构日志: 73b53c69
// 重构日志: 6ada7c51
// 同步 ID: 8e675f47 @ Fri Jul 17 12:25:50 UTC 2026
// 重构日志: 0194161d
// 同步 ID: 1f994563 @ Sat Jul 18 00:57:20 UTC 2026
// 重构日志: 6a76e833
// 重构日志: aaabc9cd
// 同步 ID: 8c7dc333 @ Sun Jul 19 00:20:23 UTC 2026
// 重构日志: d88d1ab4
// 同步 ID: af6f9ead @ Tue Jul 21 09:56:35 UTC 2026
// 重构日志: 988c91df
// 同步 ID: 33f9e074 @ Wed Jul 22 03:44:00 UTC 2026
// 同步 ID: c72a1a02 @ Wed Jul 22 07:24:27 UTC 2026
